<?xml version="1.0" encoding="UTF-8"?>
<!-- Generated by org.testng.reporters.JUnitXMLReporter -->
<testsuite ignored="3" hostname="Sohaila" failures="0" tests="1" name="check login with Invalid username and Invalid password" time="1.82" errors="0" timestamp="09 Sep 2023 08:35:21 GMT">
  <testcase classname="testCases.TC01_LoginTest" name="LoginTestWithInvalidUsernameAndInvalidPassword_N" time="0.311"/>
  <testcase classname="testCases.TC01_LoginTest" name="LoginTestWithInvalidPassword_N" time="0.0">
    <ignored/>
  </testcase> <!-- LoginTestWithInvalidPassword_N -->
  <testcase classname="testCases.TC01_LoginTest" name="LoginTestWithValidData_P" time="0.0">
    <ignored/>
  </testcase> <!-- LoginTestWithValidData_P -->
  <testcase classname="testCases.TC01_LoginTest" name="LoginTestWithInvalidUsername_N" time="0.0">
    <ignored/>
  </testcase> <!-- LoginTestWithInvalidUsername_N -->
</testsuite> <!-- check login with Invalid username and Invalid password -->
