<?xml version="1.0" encoding="UTF-8"?>
<!-- Generated by org.testng.reporters.JUnitXMLReporter -->
<testsuite ignored="3" hostname="Sohaila" failures="0" tests="1" name="Check login page with valid data" time="7.673" errors="0" timestamp="07 Oct 2023 11:11:19 GMT">
  <testcase classname="testCases.TC01_LoginTest" name="LoginTestWithValidData_P" time="4.457"/>
  <testcase classname="testCases.TC01_LoginTest" name="LoginTestWithInvalidPassword_N" time="0.0">
    <ignored/>
  </testcase> <!-- LoginTestWithInvalidPassword_N -->
  <testcase classname="testCases.TC01_LoginTest" name="LoginTestWithInvalidUsernameAndInvalidPassword_N" time="0.0">
    <ignored/>
  </testcase> <!-- LoginTestWithInvalidUsernameAndInvalidPassword_N -->
  <testcase classname="testCases.TC01_LoginTest" name="LoginTestWithInvalidUsername_N" time="0.0">
    <ignored/>
  </testcase> <!-- LoginTestWithInvalidUsername_N -->
</testsuite> <!-- Check login page with valid data -->
