<?xml version="1.0" encoding="UTF-8"?>
<!-- Generated by org.testng.reporters.JUnitXMLReporter -->
<testsuite ignored="3" hostname="Sohaila" failures="0" tests="1" name="check login with Invalid username and password" time="3.128" errors="0" timestamp="07 Oct 2023 10:30:45 GMT">
  <testcase classname="testCases.TC01_LoginTest" name="LoginTestWithInvalidUsername_N" time="0.354"/>
  <testcase classname="testCases.TC01_LoginTest" name="LoginTestWithInvalidPassword_N" time="0.0">
    <ignored/>
  </testcase> <!-- LoginTestWithInvalidPassword_N -->
  <testcase classname="testCases.TC01_LoginTest" name="LoginTestWithValidData_P" time="0.0">
    <ignored/>
  </testcase> <!-- LoginTestWithValidData_P -->
  <testcase classname="testCases.TC01_LoginTest" name="LoginTestWithInvalidUsernameAndInvalidPassword_N" time="0.0">
    <ignored/>
  </testcase> <!-- LoginTestWithInvalidUsernameAndInvalidPassword_N -->
</testsuite> <!-- check login with Invalid username and password -->
