<?xml version="1.0" encoding="UTF-8"?>
<!-- Generated by org.testng.reporters.JUnitXMLReporter -->
<testsuite ignored="3" hostname="Sohaila" failures="0" tests="1" name="check login with valid username and Invalid password" time="1.317" errors="0" timestamp="07 Oct 2023 10:30:46 GMT">
  <testcase classname="testCases.TC01_LoginTest" name="LoginTestWithInvalidPassword_N" time="0.23"/>
  <testcase classname="testCases.TC01_LoginTest" name="LoginTestWithValidData_P" time="0.0">
    <ignored/>
  </testcase> <!-- LoginTestWithValidData_P -->
  <testcase classname="testCases.TC01_LoginTest" name="LoginTestWithInvalidUsernameAndInvalidPassword_N" time="0.0">
    <ignored/>
  </testcase> <!-- LoginTestWithInvalidUsernameAndInvalidPassword_N -->
  <testcase classname="testCases.TC01_LoginTest" name="LoginTestWithInvalidUsername_N" time="0.0">
    <ignored/>
  </testcase> <!-- LoginTestWithInvalidUsername_N -->
</testsuite> <!-- check login with valid username and Invalid password -->
