<?xml version="1.0" encoding="UTF-8"?>
<testng-results ignored="3" total="5" passed="2" failed="0" skipped="0">
  <reporter-output>
  </reporter-output>
  <suite started-at="2023-09-11T13:47:22Z" name="SwagLabs-Project" finished-at="2023-09-11T13:47:29Z" duration-ms="7359">
    <groups>
    </groups>
    <test started-at="2023-09-11T13:47:22Z" name="Check login page with valid data" finished-at="2023-09-11T13:47:26Z" duration-ms="3985">
      <class name="testCases.TC01_LoginTest">
        <test-method is-config="true" signature="setupChromeDriver(java.lang.String)[pri:0, instance:testCases.TC01_LoginTest@166fa74d]" started-at="2023-09-11T13:47:22Z" name="setupChromeDriver" finished-at="2023-09-11T13:47:24Z" duration-ms="2555" status="PASS">
          <params>
            <param index="0">
              <value>
                <![CDATA[]]>
              </value>
            </param>
          </params>
          <reporter-output>
          </reporter-output>
        </test-method> <!-- setupChromeDriver -->
        <test-method signature="LoginTestWithValidData_P()[pri:1, instance:testCases.TC01_LoginTest@166fa74d]" started-at="2023-09-11T13:47:24Z" name="LoginTestWithValidData_P" description="check login with valid username and password" finished-at="2023-09-11T13:47:26Z" duration-ms="1205" status="PASS">
          <reporter-output>
          </reporter-output>
        </test-method> <!-- LoginTestWithValidData_P -->
        <test-method is-config="true" signature="tearDown()[pri:0, instance:testCases.TC01_LoginTest@166fa74d]" started-at="2023-09-11T13:47:26Z" name="tearDown" finished-at="2023-09-11T13:47:26Z" duration-ms="207" status="PASS">
          <reporter-output>
          </reporter-output>
        </test-method> <!-- tearDown -->
      </class> <!-- testCases.TC01_LoginTest -->
    </test> <!-- Check login page with valid data -->
    <test started-at="2023-09-11T13:47:26Z" name="Validate that user can add items to cart" finished-at="2023-09-11T13:47:29Z" duration-ms="3359">
      <class name="testCases.TC02_AddToCartTest">
        <test-method is-config="true" signature="setupChromeDriver(java.lang.String)[pri:0, instance:testCases.TC02_AddToCartTest@11e21d0e]" started-at="2023-09-11T13:47:26Z" name="setupChromeDriver" finished-at="2023-09-11T13:47:27Z" duration-ms="1526" status="PASS">
          <params>
            <param index="0">
              <value>
                <![CDATA[]]>
              </value>
            </param>
          </params>
          <reporter-output>
          </reporter-output>
        </test-method> <!-- setupChromeDriver -->
        <test-method signature="addItemsToCart()[pri:0, instance:testCases.TC02_AddToCartTest@11e21d0e]" started-at="2023-09-11T13:47:27Z" name="addItemsToCart" finished-at="2023-09-11T13:47:29Z" duration-ms="1502" status="PASS">
          <reporter-output>
          </reporter-output>
        </test-method> <!-- addItemsToCart -->
        <test-method is-config="true" signature="tearDown()[pri:0, instance:testCases.TC02_AddToCartTest@11e21d0e]" started-at="2023-09-11T13:47:29Z" name="tearDown" finished-at="2023-09-11T13:47:29Z" duration-ms="329" status="PASS">
          <reporter-output>
          </reporter-output>
        </test-method> <!-- tearDown -->
      </class> <!-- testCases.TC02_AddToCartTest -->
    </test> <!-- Validate that user can add items to cart -->
  </suite> <!-- SwagLabs-Project -->
</testng-results>
