<?xml version="1.0" encoding="UTF-8"?>
<testng-results ignored="4" total="9" passed="4" failed="1" skipped="0">
  <reporter-output>
  </reporter-output>
  <suite started-at="2023-10-08T19:10:26Z" name="SwagLabs-Project" finished-at="2023-10-08T19:10:26Z" duration-ms="0">
    <groups>
    </groups>
  </suite> <!-- SwagLabs-Project -->
  <suite started-at="2023-10-08T19:02:21Z" name="SwagLabs-Project (0)" finished-at="2023-10-08T19:10:26Z" duration-ms="484204">
    <groups>
    </groups>
    <test started-at="2023-10-08T19:02:21Z" name="Check login page with valid data" finished-at="2023-10-08T19:04:02Z" duration-ms="100226">
      <class name="testCases.TC01_LoginTest">
        <test-method is-config="true" signature="setupChromeDriver(java.lang.String)[pri:0, instance:testCases.TC01_LoginTest@7f287b98]" started-at="2023-10-08T19:02:21Z" name="setupChromeDriver" finished-at="2023-10-08T19:02:26Z" duration-ms="4834" status="PASS">
          <params>
            <param index="0">
              <value>
                <![CDATA[]]>
              </value>
            </param>
          </params>
          <reporter-output>
          </reporter-output>
        </test-method> <!-- setupChromeDriver -->
        <test-method signature="LoginTestWithValidData_P()[pri:1, instance:testCases.TC01_LoginTest@7f287b98]" started-at="2023-10-08T19:02:26Z" name="LoginTestWithValidData_P" description="check login with valid username and password" finished-at="2023-10-08T19:04:02Z" duration-ms="95263" status="PASS">
          <reporter-output>
          </reporter-output>
        </test-method> <!-- LoginTestWithValidData_P -->
      </class> <!-- testCases.TC01_LoginTest -->
    </test> <!-- Check login page with valid data -->
    <test started-at="2023-10-08T19:04:02Z" name="User can add products to shopping cart" finished-at="2023-10-08T19:05:28Z" duration-ms="86585">
      <class name="testCases.TC02_AddToCartTest">
        <test-method is-config="true" signature="setupChromeDriver(java.lang.String)[pri:0, instance:testCases.TC02_AddToCartTest@5d512ddb]" started-at="2023-10-08T19:04:02Z" name="setupChromeDriver" finished-at="2023-10-08T19:04:05Z" duration-ms="3532" status="PASS">
          <params>
            <param index="0">
              <value>
                <![CDATA[]]>
              </value>
            </param>
          </params>
          <reporter-output>
          </reporter-output>
        </test-method> <!-- setupChromeDriver -->
        <test-method signature="addItemsToCart()[pri:0, instance:testCases.TC02_AddToCartTest@5d512ddb]" started-at="2023-10-08T19:04:05Z" name="addItemsToCart" finished-at="2023-10-08T19:05:28Z" duration-ms="83049" status="PASS">
          <reporter-output>
          </reporter-output>
        </test-method> <!-- addItemsToCart -->
      </class> <!-- testCases.TC02_AddToCartTest -->
    </test> <!-- User can add products to shopping cart -->
    <test started-at="2023-10-08T19:05:28Z" name="Checkout" finished-at="2023-10-08T19:05:39Z" duration-ms="10392">
      <class name="testCases.TC03_CheckoutInformationTest">
        <test-method is-config="true" signature="setupChromeDriver(java.lang.String)[pri:0, instance:testCases.TC03_CheckoutInformationTest@4f552aa2]" started-at="2023-10-08T19:05:28Z" name="setupChromeDriver" finished-at="2023-10-08T19:05:39Z" duration-ms="10392" status="PASS">
          <params>
            <param index="0">
              <value>
                <![CDATA[]]>
              </value>
            </param>
          </params>
          <reporter-output>
          </reporter-output>
        </test-method> <!-- setupChromeDriver -->
      </class> <!-- testCases.TC03_CheckoutInformationTest -->
    </test> <!-- Checkout -->
    <test started-at="2023-10-08T19:05:39Z" name="Checkout order information" finished-at="2023-10-08T19:07:12Z" duration-ms="93222">
      <class name="testCases.TC03_CheckoutInformationTest">
        <test-method is-config="true" signature="setupChromeDriver(java.lang.String)[pri:0, instance:testCases.TC03_CheckoutInformationTest@9d3a7a1]" started-at="2023-10-08T19:05:39Z" name="setupChromeDriver" finished-at="2023-10-08T19:05:47Z" duration-ms="8020" status="PASS">
          <params>
            <param index="0">
              <value>
                <![CDATA[]]>
              </value>
            </param>
          </params>
          <reporter-output>
          </reporter-output>
        </test-method> <!-- setupChromeDriver -->
        <test-method signature="checkoutInformationTest()[pri:0, instance:testCases.TC03_CheckoutInformationTest@9d3a7a1]" started-at="2023-10-08T19:05:47Z" name="checkoutInformationTest" finished-at="2023-10-08T19:07:12Z" duration-ms="85199" status="PASS">
          <reporter-output>
          </reporter-output>
        </test-method> <!-- checkoutInformationTest -->
      </class> <!-- testCases.TC03_CheckoutInformationTest -->
    </test> <!-- Checkout order information -->
    <test started-at="2023-10-08T19:07:12Z" name="Checkout order overview" finished-at="2023-10-08T19:08:38Z" duration-ms="85995">
      <class name="testCases.TC04_CheckoutOrderOverviewTest">
        <test-method is-config="true" signature="setupChromeDriver(java.lang.String)[pri:0, instance:testCases.TC04_CheckoutOrderOverviewTest@99774ec]" started-at="2023-10-08T19:07:12Z" name="setupChromeDriver" finished-at="2023-10-08T19:07:14Z" duration-ms="2411" status="PASS">
          <params>
            <param index="0">
              <value>
                <![CDATA[]]>
              </value>
            </param>
          </params>
          <reporter-output>
          </reporter-output>
        </test-method> <!-- setupChromeDriver -->
        <test-method signature="checkOrderOverview()[pri:1, instance:testCases.TC04_CheckoutOrderOverviewTest@99774ec]" started-at="2023-10-08T19:07:14Z" name="checkOrderOverview" description="Check Add Products to List and Validate Total Price" finished-at="2023-10-08T19:08:38Z" duration-ms="83581" status="PASS">
          <reporter-output>
          </reporter-output>
        </test-method> <!-- checkOrderOverview -->
      </class> <!-- testCases.TC04_CheckoutOrderOverviewTest -->
    </test> <!-- Checkout order overview -->
    <test started-at="2023-10-08T19:08:38Z" name="Confirmation to create success order" finished-at="2023-10-08T19:10:26Z" duration-ms="107734">
      <class name="testCases.TC05_ConfirmOrderTest">
        <test-method is-config="true" signature="setupChromeDriver(java.lang.String)[pri:0, instance:testCases.TC05_ConfirmOrderTest@272485a6]" started-at="2023-10-08T19:08:38Z" name="setupChromeDriver" finished-at="2023-10-08T19:08:41Z" duration-ms="2617" status="PASS">
          <params>
            <param index="0">
              <value>
                <![CDATA[]]>
              </value>
            </param>
          </params>
          <reporter-output>
          </reporter-output>
        </test-method> <!-- setupChromeDriver -->
        <test-method signature="ConfirmationOrder()[pri:1, instance:testCases.TC05_ConfirmOrderTest@272485a6]" started-at="2023-10-08T19:08:41Z" name="ConfirmationOrder" description=" User Can Create Order Successfully" finished-at="2023-10-08T19:10:26Z" duration-ms="105096" status="FAIL">
          <exception class="org.openqa.selenium.NoSuchElementException">
            <message>
              <![CDATA[no such element: Unable to locate element: {"method":"xpath","selector":"(//button[@class="btn_primary btn_inventory"])[5]"}
  (Session info: chrome=117.0.5938.149)
For documentation on this error, please visit: https://www.seleniumhq.org/exceptions/no_such_element.html
Build info: version: '3.141.59', revision: 'e82be7d358', time: '2018-11-14T08:17:03'
System info: host: 'SOHAILA', ip: '192.168.1.5', os.name: 'Windows 10', os.arch: 'amd64', os.version: '10.0', java.version: '20.0.2'
Driver info: org.openqa.selenium.chrome.ChromeDriver
Capabilities {acceptInsecureCerts: false, browserName: chrome, browserVersion: 117.0.5938.149, chrome: {chromedriverVersion: 117.0.5938.149 (e3344ddefa1..., userDataDir: C:\Users\Sohaila\AppData\Lo...}, fedcm:accounts: true, goog:chromeOptions: {debuggerAddress: localhost:53393}, javascriptEnabled: true, networkConnectionEnabled: false, pageLoadStrategy: normal, platform: WINDOWS, platformName: WINDOWS, proxy: Proxy(), setWindowRect: true, strictFileInteractability: false, timeouts: {implicit: 0, pageLoad: 300000, script: 30000}, unhandledPromptBehavior: dismiss and notify, webauthn:extension:credBlob: true, webauthn:extension:largeBlob: true, webauthn:extension:minPinLength: true, webauthn:extension:prf: true, webauthn:virtualAuthenticators: true}
Session ID: 34742e1a0ea46f943c6f2ccb700ee404
*** Element info: {Using=xpath, value=(//button[@class="btn_primary btn_inventory"])[5]}]]>
            </message>
            <full-stacktrace>
              <![CDATA[org.openqa.selenium.NoSuchElementException: no such element: Unable to locate element: {"method":"xpath","selector":"(//button[@class="btn_primary btn_inventory"])[5]"}
  (Session info: chrome=117.0.5938.149)
For documentation on this error, please visit: https://www.seleniumhq.org/exceptions/no_such_element.html
Build info: version: '3.141.59', revision: 'e82be7d358', time: '2018-11-14T08:17:03'
System info: host: 'SOHAILA', ip: '192.168.1.5', os.name: 'Windows 10', os.arch: 'amd64', os.version: '10.0', java.version: '20.0.2'
Driver info: org.openqa.selenium.chrome.ChromeDriver
Capabilities {acceptInsecureCerts: false, browserName: chrome, browserVersion: 117.0.5938.149, chrome: {chromedriverVersion: 117.0.5938.149 (e3344ddefa1..., userDataDir: C:\Users\Sohaila\AppData\Lo...}, fedcm:accounts: true, goog:chromeOptions: {debuggerAddress: localhost:53393}, javascriptEnabled: true, networkConnectionEnabled: false, pageLoadStrategy: normal, platform: WINDOWS, platformName: WINDOWS, proxy: Proxy(), setWindowRect: true, strictFileInteractability: false, timeouts: {implicit: 0, pageLoad: 300000, script: 30000}, unhandledPromptBehavior: dismiss and notify, webauthn:extension:credBlob: true, webauthn:extension:largeBlob: true, webauthn:extension:minPinLength: true, webauthn:extension:prf: true, webauthn:virtualAuthenticators: true}
Session ID: 34742e1a0ea46f943c6f2ccb700ee404
*** Element info: {Using=xpath, value=(//button[@class="btn_primary btn_inventory"])[5]}
at java.base/jdk.internal.reflect.DirectConstructorHandleAccessor.newInstance(DirectConstructorHandleAccessor.java:67)
at java.base/java.lang.reflect.Constructor.newInstanceWithCaller(Constructor.java:500)
at java.base/java.lang.reflect.Constructor.newInstance(Constructor.java:484)
at org.openqa.selenium.remote.http.W3CHttpResponseCodec.createException(W3CHttpResponseCodec.java:187)
at org.openqa.selenium.remote.http.W3CHttpResponseCodec.decode(W3CHttpResponseCodec.java:122)
at org.openqa.selenium.remote.http.W3CHttpResponseCodec.decode(W3CHttpResponseCodec.java:49)
at org.openqa.selenium.remote.HttpCommandExecutor.execute(HttpCommandExecutor.java:158)
at org.openqa.selenium.remote.service.DriverCommandExecutor.execute(DriverCommandExecutor.java:83)
at org.openqa.selenium.remote.RemoteWebDriver.execute(RemoteWebDriver.java:552)
at org.openqa.selenium.remote.RemoteWebDriver.findElement(RemoteWebDriver.java:323)
at org.openqa.selenium.remote.RemoteWebDriver.findElementByXPath(RemoteWebDriver.java:428)
at org.openqa.selenium.By$ByXPath.findElement(By.java:353)
at org.openqa.selenium.remote.RemoteWebDriver.findElement(RemoteWebDriver.java:315)
at pages.P02_AddToCart.addProductsToCard(P02_AddToCart.java:39)
at testCases.TC05_ConfirmOrderTest.ConfirmationOrder(TC05_ConfirmOrderTest.java:21)
at java.base/jdk.internal.reflect.DirectMethodHandleAccessor.invoke(DirectMethodHandleAccessor.java:104)
at java.base/java.lang.reflect.Method.invoke(Method.java:578)
at org.testng.internal.MethodInvocationHelper.invokeMethod(MethodInvocationHelper.java:124)
at org.testng.internal.Invoker.invokeMethod(Invoker.java:583)
at org.testng.internal.Invoker.invokeTestMethod(Invoker.java:719)
at org.testng.internal.Invoker.invokeTestMethods(Invoker.java:989)
at org.testng.internal.TestMethodWorker.invokeTestMethods(TestMethodWorker.java:125)
at org.testng.internal.TestMethodWorker.run(TestMethodWorker.java:109)
at org.testng.TestRunner.privateRun(TestRunner.java:648)
at org.testng.TestRunner.run(TestRunner.java:505)
at org.testng.SuiteRunner.runTest(SuiteRunner.java:455)
at org.testng.SuiteRunner.runSequentially(SuiteRunner.java:450)
at org.testng.SuiteRunner.privateRun(SuiteRunner.java:415)
at org.testng.SuiteRunner.run(SuiteRunner.java:364)
at org.testng.SuiteRunnerWorker.runSuite(SuiteRunnerWorker.java:52)
at org.testng.SuiteRunnerWorker.run(SuiteRunnerWorker.java:84)
at org.testng.TestNG.runSuitesSequentially(TestNG.java:1208)
at org.testng.TestNG.runSuitesSequentially(TestNG.java:1204)
at org.testng.TestNG.runSuitesLocally(TestNG.java:1137)
at org.testng.TestNG.runSuites(TestNG.java:1049)
at org.testng.TestNG.run(TestNG.java:1017)
at com.intellij.rt.testng.IDEARemoteTestNG.run(IDEARemoteTestNG.java:66)
at com.intellij.rt.testng.RemoteTestNGStarter.main(RemoteTestNGStarter.java:105)
]]>
            </full-stacktrace>
          </exception> <!-- org.openqa.selenium.NoSuchElementException -->
          <reporter-output>
          </reporter-output>
        </test-method> <!-- ConfirmationOrder -->
      </class> <!-- testCases.TC05_ConfirmOrderTest -->
    </test> <!-- Confirmation to create success order -->
  </suite> <!-- SwagLabs-Project (0) -->
</testng-results>
